<?xml version="1.0" encoding="UTF-8"?>
<testsuite xmlns:xsi="http://www.w3.org/2001/XMLSchema-instance" xsi:noNamespaceSchemaLocation="https://maven.apache.org/surefire/maven-surefire-plugin/xsd/surefire-test-report-3.0.xsd" version="3.0" name="com.shaun.tweetservice.TweetserviceApplicationTests" time="23.754" tests="1" errors="0" skipped="0" failures="0">
  <properties>
[...]
</properties>
  <testcase name="contextLoads" classname="com.shaun.tweetservice.TweetserviceApplicationTests" time="1.658">
    <system-out><![CDATA[15:00:32.406 [main] INFO org.springframework.test.context.support.AnnotationConfigContextLoaderUtils -- Could not detect default configuration classes for test class [com.shaun.tweetservice.TweetserviceApplicationTests]: TweetserviceApplicationTests does not declare any static, non-private, non-final, nested classes annotated with @Configuration.
15:00:32.782 [main] INFO org.springframework.boot.test.context.SpringBootTestContextBootstrapper -- Found @SpringBootConfiguration com.shaun.tweetservice.TweetserviceApplication for test class com.shaun.tweetservice.TweetserviceApplicationTests

  .   ____          _            __ _ _
 /\\ / ___'_ __ _ _(_)_ __  __ _ \ \ \ \
( ( )\___ | '_ | '_| | '_ \/ _` | \ \ \ \
 \\/  ___)| |_)| | | | | || (_| |  ) ) ) )
  '  |____| .__|_| |_|_| |_\__, | / / / /
 =========|_|==============|___/=/_/_/_/
 :: Spring Boot ::                (v3.1.1)

2023-07-12T15:00:34.850+05:30  INFO 8124 --- [           main] c.s.t.TweetserviceApplicationTests       : Starting TweetserviceApplicationTests using Java 17.0.7 with PID 8124 (started by DELL in C:\Users\DELL\Desktop\Boot\workspace\twitter-microservices\tweetservice)
2023-07-12T15:00:34.855+05:30  INFO 8124 --- [           main] c.s.t.TweetserviceApplicationTests       : No active profile set, falling back to 1 default profile: "default"
2023-07-12T15:00:37.072+05:30  INFO 8124 --- [           main] .s.d.r.c.RepositoryConfigurationDelegate : Bootstrapping Spring Data JPA repositories in DEFAULT mode.
2023-07-12T15:00:37.630+05:30  INFO 8124 --- [           main] .s.d.r.c.RepositoryConfigurationDelegate : Finished Spring Data repository scanning in 532 ms. Found 3 JPA repository interfaces.
2023-07-12T15:00:40.889+05:30  INFO 8124 --- [           main] o.hibernate.jpa.internal.util.LogHelper  : HHH000204: Processing PersistenceUnitInfo [name: default]
2023-07-12T15:00:41.198+05:30  INFO 8124 --- [           main] org.hibernate.Version                    : HHH000412: Hibernate ORM core version 6.2.5.Final
2023-07-12T15:00:41.213+05:30  INFO 8124 --- [           main] org.hibernate.cfg.Environment            : HHH000406: Using bytecode reflection optimizer
2023-07-12T15:00:41.876+05:30  INFO 8124 --- [           main] o.h.b.i.BytecodeProviderInitiator        : HHH000021: Bytecode provider name : bytebuddy
2023-07-12T15:00:42.368+05:30  INFO 8124 --- [           main] o.s.o.j.p.SpringPersistenceUnitInfo      : No LoadTimeWeaver setup: ignoring JPA class transformer
2023-07-12T15:00:42.424+05:30  INFO 8124 --- [           main] com.zaxxer.hikari.HikariDataSource       : HikariPool-1 - Starting...
2023-07-12T15:00:43.748+05:30  INFO 8124 --- [           main] com.zaxxer.hikari.pool.HikariPool        : HikariPool-1 - Added connection com.mysql.cj.jdbc.ConnectionImpl@580c17a0
2023-07-12T15:00:43.757+05:30  INFO 8124 --- [           main] com.zaxxer.hikari.HikariDataSource       : HikariPool-1 - Start completed.
2023-07-12T15:00:45.813+05:30  INFO 8124 --- [           main] o.h.b.i.BytecodeProviderInitiator        : HHH000021: Bytecode provider name : bytebuddy
2023-07-12T15:00:47.966+05:30  INFO 8124 --- [           main] o.h.e.t.j.p.i.JtaPlatformInitiator       : HHH000490: Using JtaPlatform implementation: [org.hibernate.engine.transaction.jta.platform.internal.NoJtaPlatform]
Hibernate: alter table token modify column token_type  enum ('BEARER')
Hibernate: alter table tweet modify column created_at  datetime(6)
Hibernate: alter table user modify column created_at  datetime(6)
Hibernate: alter table user modify column updated_at  datetime(6)
2023-07-12T15:00:48.356+05:30  INFO 8124 --- [           main] j.LocalContainerEntityManagerFactoryBean : Initialized JPA EntityManagerFactory for persistence unit 'default'
2023-07-12T15:00:49.800+05:30  INFO 8124 --- [           main] o.s.d.j.r.query.QueryEnhancerFactory     : Hibernate is in classpath; If applicable, HQL parser will be used.
2023-07-12T15:00:51.751+05:30  WARN 8124 --- [           main] JpaBaseConfiguration$JpaWebConfiguration : spring.jpa.open-in-view is enabled by default. Therefore, database queries may be performed during view rendering. Explicitly configure spring.jpa.open-in-view to disable this warning
2023-07-12T15:00:52.838+05:30  INFO 8124 --- [           main] o.s.s.web.DefaultSecurityFilterChain     : Will secure any request with [org.springframework.security.web.session.DisableEncodeUrlFilter@17a5cb99, org.springframework.security.web.context.request.async.WebAsyncManagerIntegrationFilter@808fa1, org.springframework.security.web.context.SecurityContextHolderFilter@21bf94d3, org.springframework.security.web.header.HeaderWriterFilter@6ac49084, org.springframework.security.web.authentication.logout.LogoutFilter@28ec35e3, com.shaun.tweetservice.filters.JwtRequestFilters@2f803d8, org.springframework.security.web.savedrequest.RequestCacheAwareFilter@7479b19a, org.springframework.security.web.servletapi.SecurityContextHolderAwareRequestFilter@5e83badc, org.springframework.security.web.authentication.AnonymousAuthenticationFilter@5b52ce28, org.springframework.security.web.session.SessionManagementFilter@5672920, org.springframework.security.web.access.ExceptionTranslationFilter@7bd0e2e9, org.springframework.security.web.access.intercept.AuthorizationFilter@2a97b4b8]
2023-07-12T15:00:53.951+05:30  INFO 8124 --- [           main] c.s.t.TweetserviceApplicationTests       : Started TweetserviceApplicationTests in 20.496 seconds (process running for 24.39)
]]></system-out>
  </testcase>
</testsuite>